00:22:59 - 27.05.2022 Привет
00:22:59 - 27.05.2022 Здорово
00:39:45 - 27.05.2022 200 OK 


Пришли параметры GET-запроса: {}
Пришли данные с формы на странице Contact us: {'name': 'OWEN'}
Пришли параметры GET-запроса: {'id': '1'}
item 0
item 1
01:02:06 - 27.05.2022 Удаленная программное сопровождение
01:03:16 - 27.05.2022 Удаленная программное сопровождение
Пришли параметры GET-запроса: {}
Удаленная программное сопровождениепрограммирование плкУдаленная программное сопровождениепрограммирование плкУдаленная программное сопровождениепрограммирование плкУдаленная программное сопровождениепрограммирование плк02:31:15 - 27.05.2022 __0 + '
'02:32:24 - 27.05.2022 __0 
02:33:01 - 27.05.2022 __0 
02:33:54 - 27.05.2022 __1 
02:34:03 - 27.05.2022 __2 
02:38:21 - 27.05.2022  0 
02:38:27 - 27.05.2022  1 
02:38:34 - 27.05.2022  2 
02:51:58 - 27.05.2022  0 
02:52:04 - 27.05.2022  Удаленная программное сопровождение 
02:52:09 - 27.05.2022  программирование плк 
03:24:10 - 28.05.2022  0 
03:24:17 - 28.05.2022  Удаленная программное сопровождение 
00:59:48 - 29.05.2022  0 
01:02:41 - 29.05.2022  0 
01:02:52 - 29.05.2022  1 
01:20:39 - 29.05.2022  0 
01:20:45 - 29.05.2022  1 
01:23:29 - 29.05.2022  0 
01:23:34 - 29.05.2022  1 
01:30:10 - 29.05.2022  0 
01:30:18 - 29.05.2022  1 
19:25:44 - 30.05.2022  0 
19:25:49 - 30.05.2022  1 
19:25:52 - 30.05.2022  Список видов сервисов 
19:25:55 - 30.05.2022  Удаленная программное сопровождение 
19:25:59 - 30.05.2022  программирование плк 
